<?xml version="1.0" encoding="UTF-8"?>
<testng-results ignored="0" total="4" passed="4" failed="0" skipped="0">
  <reporter-output>
    <line>
      <![CDATA[TestCase is passed]]>
    </line>
    <line>
      <![CDATA[TestCase is passed]]>
    </line>
    <line>
      <![CDATA[TestCase is passed]]>
    </line>
    <line>
      <![CDATA[TestCase is passed]]>
    </line>
  </reporter-output>
  <suite started-at="2025-01-02T10:42:39 IST" name="Suite" finished-at="2025-01-02T10:43:16 IST" duration-ms="37150">
    <groups>
    </groups>
    <test started-at="2025-01-02T10:42:39 IST" name="edgeTest" finished-at="2025-01-02T10:43:00 IST" duration-ms="21475">
      <class name="RevisePro.RevisionProject.MakeAppointment">
        <test-method is-config="true" signature="setUp(java.lang.String)[pri:0, instance:RevisePro.RevisionProject.MakeAppointment@413d1baf]" started-at="2025-01-02T10:42:50 IST" name="setUp" finished-at="2025-01-02T10:42:56 IST" duration-ms="5538" status="PASS">
          <params>
            <param index="0">
              <value>
                <![CDATA[Edge]]>
              </value>
            </param>
          </params>
          <reporter-output>
          </reporter-output>
        </test-method> <!-- setUp -->
        <test-method signature="testAppoint(java.lang.String)[pri:0, instance:RevisePro.RevisionProject.MakeAppointment@413d1baf]" started-at="2025-01-02T10:42:56 IST" name="testAppoint" data-provider="input" finished-at="2025-01-02T10:42:59 IST" duration-ms="3278" status="PASS">
          <params>
            <param index="0">
              <value>
                <![CDATA[testing data]]>
              </value>
            </param>
          </params>
          <reporter-output>
            <line>
              <![CDATA[TestCase is passed]]>
            </line>
          </reporter-output>
        </test-method> <!-- testAppoint -->
        <test-method is-config="true" signature="tearDown()[pri:0, instance:RevisePro.RevisionProject.MakeAppointment@413d1baf]" started-at="2025-01-02T10:42:59 IST" name="tearDown" finished-at="2025-01-02T10:43:00 IST" duration-ms="576" status="PASS">
          <reporter-output>
          </reporter-output>
        </test-method> <!-- tearDown -->
      </class> <!-- RevisePro.RevisionProject.MakeAppointment -->
      <class name="RevisePro.RevisionProject.Login">
        <test-method is-config="true" signature="setUp(java.lang.String)[pri:0, instance:RevisePro.RevisionProject.Login@17f62e33]" started-at="2025-01-02T10:42:39 IST" name="setUp" finished-at="2025-01-02T10:42:45 IST" duration-ms="6855" status="PASS">
          <params>
            <param index="0">
              <value>
                <![CDATA[Edge]]>
              </value>
            </param>
          </params>
          <reporter-output>
          </reporter-output>
        </test-method> <!-- setUp -->
        <test-method signature="testLogin()[pri:0, instance:RevisePro.RevisionProject.Login@17f62e33]" started-at="2025-01-02T10:42:45 IST" name="testLogin" finished-at="2025-01-02T10:42:48 IST" duration-ms="2787" status="PASS">
          <reporter-output>
            <line>
              <![CDATA[TestCase is passed]]>
            </line>
          </reporter-output>
        </test-method> <!-- testLogin -->
        <test-method is-config="true" signature="tearDown()[pri:0, instance:RevisePro.RevisionProject.Login@17f62e33]" started-at="2025-01-02T10:42:49 IST" name="tearDown" finished-at="2025-01-02T10:42:50 IST" duration-ms="1504" status="PASS">
          <reporter-output>
          </reporter-output>
        </test-method> <!-- tearDown -->
      </class> <!-- RevisePro.RevisionProject.Login -->
    </test> <!-- edgeTest -->
    <test started-at="2025-01-02T10:43:00 IST" name="ChromeTest" finished-at="2025-01-02T10:43:16 IST" duration-ms="15627">
      <class name="RevisePro.RevisionProject.MakeAppointment">
        <test-method is-config="true" signature="setUp(java.lang.String)[pri:0, instance:RevisePro.RevisionProject.MakeAppointment@4c163e3]" started-at="2025-01-02T10:43:08 IST" name="setUp" finished-at="2025-01-02T10:43:12 IST" duration-ms="4005" status="PASS">
          <params>
            <param index="0">
              <value>
                <![CDATA[chrome]]>
              </value>
            </param>
          </params>
          <reporter-output>
          </reporter-output>
        </test-method> <!-- setUp -->
        <test-method signature="testAppoint(java.lang.String)[pri:0, instance:RevisePro.RevisionProject.MakeAppointment@4c163e3]" started-at="2025-01-02T10:43:12 IST" name="testAppoint" data-provider="input" finished-at="2025-01-02T10:43:15 IST" duration-ms="3161" status="PASS">
          <params>
            <param index="0">
              <value>
                <![CDATA[testing data]]>
              </value>
            </param>
          </params>
          <reporter-output>
            <line>
              <![CDATA[TestCase is passed]]>
            </line>
          </reporter-output>
        </test-method> <!-- testAppoint -->
        <test-method is-config="true" signature="tearDown()[pri:0, instance:RevisePro.RevisionProject.MakeAppointment@4c163e3]" started-at="2025-01-02T10:43:16 IST" name="tearDown" finished-at="2025-01-02T10:43:16 IST" duration-ms="195" status="PASS">
          <reporter-output>
          </reporter-output>
        </test-method> <!-- tearDown -->
      </class> <!-- RevisePro.RevisionProject.MakeAppointment -->
      <class name="RevisePro.RevisionProject.Login">
        <test-method is-config="true" signature="setUp(java.lang.String)[pri:0, instance:RevisePro.RevisionProject.Login@52f27fbd]" started-at="2025-01-02T10:43:00 IST" name="setUp" finished-at="2025-01-02T10:43:06 IST" duration-ms="5666" status="PASS">
          <params>
            <param index="0">
              <value>
                <![CDATA[chrome]]>
              </value>
            </param>
          </params>
          <reporter-output>
          </reporter-output>
        </test-method> <!-- setUp -->
        <test-method signature="testLogin()[pri:0, instance:RevisePro.RevisionProject.Login@52f27fbd]" started-at="2025-01-02T10:43:06 IST" name="testLogin" finished-at="2025-01-02T10:43:08 IST" duration-ms="1829" status="PASS">
          <reporter-output>
            <line>
              <![CDATA[TestCase is passed]]>
            </line>
          </reporter-output>
        </test-method> <!-- testLogin -->
        <test-method is-config="true" signature="tearDown()[pri:0, instance:RevisePro.RevisionProject.Login@52f27fbd]" started-at="2025-01-02T10:43:08 IST" name="tearDown" finished-at="2025-01-02T10:43:08 IST" duration-ms="174" status="PASS">
          <reporter-output>
          </reporter-output>
        </test-method> <!-- tearDown -->
      </class> <!-- RevisePro.RevisionProject.Login -->
    </test> <!-- ChromeTest -->
  </suite> <!-- Suite -->
</testng-results>
