<?xml version="1.0" encoding="UTF-8"?>
<testng-results ignored="0" total="4" passed="4" failed="0" skipped="0">
  <reporter-output>
    <line>
      <![CDATA[TestCase is passed]]>
    </line>
    <line>
      <![CDATA[TestCase is passed]]>
    </line>
    <line>
      <![CDATA[TestCase is passed]]>
    </line>
    <line>
      <![CDATA[TestCase is passed]]>
    </line>
  </reporter-output>
  <suite started-at="2025-01-01T21:53:09 IST" name="Suite" finished-at="2025-01-01T21:53:35 IST" duration-ms="25894">
    <groups>
    </groups>
    <test started-at="2025-01-01T21:53:09 IST" name="edgeTest" finished-at="2025-01-01T21:53:24 IST" duration-ms="15207">
      <class name="RevisePro.RevisionProject.MakeAppointment">
        <test-method is-config="true" signature="setUp(java.lang.String)[pri:0, instance:RevisePro.RevisionProject.MakeAppointment@6e6f2380]" started-at="2025-01-01T21:53:17 IST" name="setUp" finished-at="2025-01-01T21:53:22 IST" duration-ms="5162" status="PASS">
          <params>
            <param index="0">
              <value>
                <![CDATA[Edge]]>
              </value>
            </param>
          </params>
          <reporter-output>
          </reporter-output>
        </test-method> <!-- setUp -->
        <test-method signature="testAppoint(java.lang.String)[pri:0, instance:RevisePro.RevisionProject.MakeAppointment@6e6f2380]" started-at="2025-01-01T21:53:22 IST" name="testAppoint" data-provider="input" finished-at="2025-01-01T21:53:24 IST" duration-ms="2176" status="PASS">
          <params>
            <param index="0">
              <value>
                <![CDATA[testing data]]>
              </value>
            </param>
          </params>
          <reporter-output>
            <line>
              <![CDATA[TestCase is passed]]>
            </line>
          </reporter-output>
        </test-method> <!-- testAppoint -->
        <test-method is-config="true" signature="tearDown()[pri:0, instance:RevisePro.RevisionProject.MakeAppointment@6e6f2380]" started-at="2025-01-01T21:53:24 IST" name="tearDown" finished-at="2025-01-01T21:53:24 IST" duration-ms="0" status="PASS">
          <reporter-output>
          </reporter-output>
        </test-method> <!-- tearDown -->
      </class> <!-- RevisePro.RevisionProject.MakeAppointment -->
      <class name="RevisePro.RevisionProject.Login">
        <test-method is-config="true" signature="setUp(java.lang.String)[pri:0, instance:RevisePro.RevisionProject.Login@576d5deb]" started-at="2025-01-01T21:53:09 IST" name="setUp" finished-at="2025-01-01T21:53:15 IST" duration-ms="5588" status="PASS">
          <params>
            <param index="0">
              <value>
                <![CDATA[Edge]]>
              </value>
            </param>
          </params>
          <reporter-output>
          </reporter-output>
        </test-method> <!-- setUp -->
        <test-method signature="testLogin()[pri:0, instance:RevisePro.RevisionProject.Login@576d5deb]" started-at="2025-01-01T21:53:15 IST" name="testLogin" finished-at="2025-01-01T21:53:17 IST" duration-ms="1777" status="PASS">
          <reporter-output>
            <line>
              <![CDATA[TestCase is passed]]>
            </line>
          </reporter-output>
        </test-method> <!-- testLogin -->
        <test-method is-config="true" signature="tearDown()[pri:0, instance:RevisePro.RevisionProject.Login@576d5deb]" started-at="2025-01-01T21:53:17 IST" name="tearDown" finished-at="2025-01-01T21:53:17 IST" duration-ms="1" status="PASS">
          <reporter-output>
          </reporter-output>
        </test-method> <!-- tearDown -->
      </class> <!-- RevisePro.RevisionProject.Login -->
    </test> <!-- edgeTest -->
    <test started-at="2025-01-01T21:53:25 IST" name="ChromeTest" finished-at="2025-01-01T21:53:35 IST" duration-ms="10663">
      <class name="RevisePro.RevisionProject.MakeAppointment">
        <test-method is-config="true" signature="setUp(java.lang.String)[pri:0, instance:RevisePro.RevisionProject.MakeAppointment@4b29d1d2]" started-at="2025-01-01T21:53:29 IST" name="setUp" finished-at="2025-01-01T21:53:33 IST" duration-ms="3587" status="PASS">
          <params>
            <param index="0">
              <value>
                <![CDATA[chrome]]>
              </value>
            </param>
          </params>
          <reporter-output>
          </reporter-output>
        </test-method> <!-- setUp -->
        <test-method signature="testAppoint(java.lang.String)[pri:0, instance:RevisePro.RevisionProject.MakeAppointment@4b29d1d2]" started-at="2025-01-01T21:53:33 IST" name="testAppoint" data-provider="input" finished-at="2025-01-01T21:53:35 IST" duration-ms="2058" status="PASS">
          <params>
            <param index="0">
              <value>
                <![CDATA[testing data]]>
              </value>
            </param>
          </params>
          <reporter-output>
            <line>
              <![CDATA[TestCase is passed]]>
            </line>
          </reporter-output>
        </test-method> <!-- testAppoint -->
        <test-method is-config="true" signature="tearDown()[pri:0, instance:RevisePro.RevisionProject.MakeAppointment@4b29d1d2]" started-at="2025-01-01T21:53:35 IST" name="tearDown" finished-at="2025-01-01T21:53:35 IST" duration-ms="1" status="PASS">
          <reporter-output>
          </reporter-output>
        </test-method> <!-- tearDown -->
      </class> <!-- RevisePro.RevisionProject.MakeAppointment -->
      <class name="RevisePro.RevisionProject.Login">
        <test-method is-config="true" signature="setUp(java.lang.String)[pri:0, instance:RevisePro.RevisionProject.Login@1349883]" started-at="2025-01-01T21:53:25 IST" name="setUp" finished-at="2025-01-01T21:53:28 IST" duration-ms="3318" status="PASS">
          <params>
            <param index="0">
              <value>
                <![CDATA[chrome]]>
              </value>
            </param>
          </params>
          <reporter-output>
          </reporter-output>
        </test-method> <!-- setUp -->
        <test-method signature="testLogin()[pri:0, instance:RevisePro.RevisionProject.Login@1349883]" started-at="2025-01-01T21:53:28 IST" name="testLogin" finished-at="2025-01-01T21:53:29 IST" duration-ms="1216" status="PASS">
          <reporter-output>
            <line>
              <![CDATA[TestCase is passed]]>
            </line>
          </reporter-output>
        </test-method> <!-- testLogin -->
        <test-method is-config="true" signature="tearDown()[pri:0, instance:RevisePro.RevisionProject.Login@1349883]" started-at="2025-01-01T21:53:29 IST" name="tearDown" finished-at="2025-01-01T21:53:29 IST" duration-ms="0" status="PASS">
          <reporter-output>
          </reporter-output>
        </test-method> <!-- tearDown -->
      </class> <!-- RevisePro.RevisionProject.Login -->
    </test> <!-- ChromeTest -->
  </suite> <!-- Suite -->
</testng-results>
